<?xml version="1.0" encoding="UTF-8"?>
<testsuite name="Login eribank app" tests="1" skipped="0" failures="0" errors="0" timestamp="2020-01-24T21:27:53" hostname="QVT1MDEWIN11" time="28.63">
  <properties/>
  <testcase name="Login eribank valid" classname="Login eribank app" time="28.63"/>
  <system-out><![CDATA[]]></system-out>
  <system-err><![CDATA[ene 24, 2020 4:28:08 PM io.appium.java_client.remote.AppiumCommandExecutor$1 lambda$0
INFORMACIÓN: Detected dialect: W3C
[Test worker] INFO net.thucydides.core.steps.ConsoleLoggingListener - 
        __    _____ _____ ____ _____   ____   _    ____  ____  _____ ____  
  _     \ \  |_   _| ____/ ___|_   _| |  _ \ / \  / ___|/ ___|| ____|  _ \ 
 (_)_____| |   | | |  _| \___ \ | |   | |_) / _ \ \___ \\___ \|  _| | | | |
  _|_____| |   | | | |___ ___) || |   |  __/ ___ \ ___) |___) | |___| |_| |
 (_)     | |   |_| |_____|____/ |_|   |_| /_/   \_\____/|____/|_____|____/ 
        /_/                                                                

TEST PASSED: Login eribank valid
----------------------------------------------------------------------------
]]></system-err>
</testsuite>
